<?xml version="1.0" encoding="UTF-8"?>
<testng-results skipped="0" failed="0" ignored="0" total="1" passed="1">
  <reporter-output>
  </reporter-output>
  <suite name="Default suite" duration-ms="34546" started-at="2022-03-26T10:48:05 IST" finished-at="2022-03-26T10:48:39 IST">
    <groups>
    </groups>
    <test name="Default test" duration-ms="34546" started-at="2022-03-26T10:48:05 IST" finished-at="2022-03-26T10:48:39 IST">
      <class name="com.vtigerScripts.BookHotelGoibiboTest">
        <test-method status="PASS" signature="ibibo()[pri:0, instance:com.vtigerScripts.BookHotelGoibiboTest@6f195bc3]" name="ibibo" duration-ms="34471" started-at="2022-03-26T10:48:05 IST" finished-at="2022-03-26T10:48:39 IST">
          <reporter-output>
          </reporter-output>
        </test-method> <!-- ibibo -->
      </class> <!-- com.vtigerScripts.BookHotelGoibiboTest -->
    </test> <!-- Default test -->
  </suite> <!-- Default suite -->
</testng-results>
